Copyright 1986-2018 Xilinx, Inc. All Rights Reserved.
-----------------------------------------------------------------------------------------------------
| Tool Version : Vivado v.2018.2 (win64) Build 2258646 Thu Jun 14 20:03:12 MDT 2018
| Date         : Tue Oct  9 19:33:26 2018
| Host         : ALLAN-PC running 64-bit major release  (build 9200)
| Command      : report_control_sets -verbose -file traffic_light_controller_control_sets_placed.rpt
| Design       : traffic_light_controller
| Device       : xc7k70t
-----------------------------------------------------------------------------------------------------

Control Set Information

Table of Contents
-----------------
1. Summary
2. Histogram
3. Flip-Flop Distribution
4. Detailed Control Set Information

1. Summary
----------

+----------------------------------------------------------+-------+
|                          Status                          | Count |
+----------------------------------------------------------+-------+
| Number of unique control sets                            |     4 |
| Unused register locations in slices containing registers |     2 |
+----------------------------------------------------------+-------+


2. Histogram
------------

+--------+--------------+
| Fanout | Control Sets |
+--------+--------------+
|      6 |            1 |
|      8 |            2 |
|    16+ |            1 |
+--------+--------------+


3. Flip-Flop Distribution
-------------------------

+--------------+-----------------------+------------------------+-----------------+--------------+
| Clock Enable | Synchronous Set/Reset | Asynchronous Set/Reset | Total Registers | Total Slices |
+--------------+-----------------------+------------------------+-----------------+--------------+
| No           | No                    | No                     |               6 |            2 |
| No           | No                    | Yes                    |               8 |            1 |
| No           | Yes                   | No                     |              56 |            7 |
| Yes          | No                    | No                     |               0 |            0 |
| Yes          | No                    | Yes                    |               0 |            0 |
| Yes          | Yes                   | No                     |               8 |            1 |
+--------------+-----------------------+------------------------+-----------------+--------------+


4. Detailed Control Set Information
-----------------------------------

+----------------+---------------+-------------------------------------+------------------+----------------+
|  Clock Signal  | Enable Signal |           Set/Reset Signal          | Slice Load Count | Bel Load Count |
+----------------+---------------+-------------------------------------+------------------+----------------+
|  clk_IBUF_BUFG |               |                                     |                2 |              6 |
|  clk_IBUF_BUFG |               | FSM_onehot_current_state[3]_i_2_n_0 |                1 |              8 |
|  clk_IBUF_BUFG | delay_10s     | delay_count[3]_i_1_n_0              |                1 |              8 |
|  clk_IBUF_BUFG |               | clear                               |                7 |             56 |
+----------------+---------------+-------------------------------------+------------------+----------------+


